<?xml version="1.0" encoding="UTF-8"?>
<!-- Generated by org.testng.reporters.JUnitXMLReporter -->
<testsuite hostname="EHL5CG8062239" ignored="0" name="Test 002 EBS ESS DDT" tests="4" failures="2" timestamp="13 Mar 2019 05:17:52 GMT" time="134.331" errors="0">
  <testcase name="loginDDT02" time="60.332" classname="com.ebs.ess.testCases.TC_LoginTestDDT"/>
  <testcase name="loginDDT02" time="6.541" classname="com.ebs.ess.testCases.TC_LoginTestDDT">
    <failure type="java.lang.AssertionError" message="expected [true] but found [false]">
      <![CDATA[java.lang.AssertionError: expected [true] but found [false]
at com.ebs.ess.testCases.TC_LoginTestDDT.loginDDT02(TC_LoginTestDDT.java:121)
... Removed 29 stack frames]]>
    </failure>
  </testcase> <!-- loginDDT02 -->
  <testcase name="loginDDT02" time="3.087" classname="com.ebs.ess.testCases.TC_LoginTestDDT">
    <failure type="java.lang.AssertionError" message="expected [true] but found [false]">
      <![CDATA[java.lang.AssertionError: expected [true] but found [false]
at com.ebs.ess.testCases.TC_LoginTestDDT.loginDDT02(TC_LoginTestDDT.java:43)
... Removed 29 stack frames]]>
    </failure>
  </testcase> <!-- loginDDT02 -->
  <testcase name="loginDDT02" time="58.228" classname="com.ebs.ess.testCases.TC_LoginTestDDT"/>
</testsuite> <!-- Test 002 EBS ESS DDT -->
