<?xml version="1.0" encoding="UTF-8"?>
<testsuite name="TestSuite" time="61.314" tests="4" errors="0" skipped="0" failures="2">
  <properties>
[...]
</properties>
  <testcase name="loginDDT02" classname="com.ebs.ess.testCases.TC_LoginTestDDT" time="61.314"/>
  <testcase name="loginDDT02" classname="com.ebs.ess.testCases.TC_LoginTestDDT" time="6.848">
    <failure message="expected [true] but found [false]" type="java.lang.AssertionError">java.lang.AssertionError: expected [true] but found [false]
	at org.testng.Assert.fail(Assert.java:96)
	at org.testng.Assert.failNotEquals(Assert.java:776)
	at org.testng.Assert.assertTrue(Assert.java:44)
	at org.testng.Assert.assertTrue(Assert.java:54)
	at com.ebs.ess.testCases.TC_LoginTestDDT.loginDDT02(TC_LoginTestDDT.java:121)
</failure>
    <system-out><![CDATA[ INFO [main] (TC_LoginTestDDT.java:31)- 2 loginDDT02 - Entry Started.... wait 
 INFO [main] (TC_LoginTestDDT.java:38)- 2 loginDDT02 - URL is opened...
 INFO [main] (TC_LoginTestDDT.java:52)- BaseClass.Setup - URL is opened..
 INFO [main] (LoginPageEBS.java:20)- 2 LoginPage - Constructor...
 INFO [main] (LoginPageEBS.java:26)- 2 LoginPage - window...
 INFO [main] (LoginPageEBS.java:29)- 2 LoginPage - this...
 INFO [main] (TC_LoginTestDDT.java:60)- 2 loginDDT02 - Enter Username Page...
 INFO [main] (LoginPageEBS.java:58)- LoginPage - setUserName...
 INFO [main] (TC_LoginTestDDT.java:72)- 2 loginDDT02 - Entered Username...
 INFO [main] (TC_LoginTestDDT.java:76)- 2 loginDDT02 - clickContinue...
 INFO [main] (TC_LoginTestDDT.java:83)- 2 loginDDT02 - Password Page...
 INFO [main] (LoginPageEBS.java:68)- LoginPage - setPassword...
 INFO [main] (TC_LoginTestDDT.java:94)- 2 loginDDT02 - Entered Password..
 INFO [main] (LoginPageEBS.java:73)- LoginPage - pressEnter...
 INFO [main] (TC_LoginTestDDT.java:99)- 2 loginDDT02 - pressEnter...
 WARN [main] (TC_LoginTestDDT.java:109)- 2 loginDDT02 - Login failed...
 INFO [main] (BaseClass.java:112)- BaseClass.captureScreen ...
 INFO [main] (TC_LoginTestDDT.java:114)- 2 loginDDT02 - Screenshot Login failed.......
]]></system-out>
  </testcase>
  <testcase name="loginDDT02" classname="com.ebs.ess.testCases.TC_LoginTestDDT" time="3.113">
    <failure message="expected [true] but found [false]" type="java.lang.AssertionError">java.lang.AssertionError: expected [true] but found [false]
	at org.testng.Assert.fail(Assert.java:96)
	at org.testng.Assert.failNotEquals(Assert.java:776)
	at org.testng.Assert.assertTrue(Assert.java:44)
	at org.testng.Assert.assertTrue(Assert.java:54)
	at com.ebs.ess.testCases.TC_LoginTestDDT.loginDDT02(TC_LoginTestDDT.java:43)
</failure>
    <system-out><![CDATA[ INFO [main] (TC_LoginTestDDT.java:31)- 3 loginDDT02 - Entry Started.... wait 
 INFO [main] (TC_LoginTestDDT.java:38)- 3 loginDDT02 - URL is opened...
ERROR [main] (TC_LoginTestDDT.java:42)- 3 loginDDT02 - Userid AND/OR Password is Empty - Failed.......
]]></system-out>
  </testcase>
  <testcase name="loginDDT02" classname="com.ebs.ess.testCases.TC_LoginTestDDT" time="62.798"/>
</testsuite>